<?xml version="1.0" encoding="UTF-8"?>
<testng-results skipped="0" failed="0" ignored="0" total="1" passed="1">
  <reporter-output>
  </reporter-output>
  <suite name="Suite" duration-ms="19511" started-at="2022-12-24T01:44:46Z" finished-at="2022-12-24T01:45:05Z">
    <groups>
    </groups>
    <test name="Test" duration-ms="19511" started-at="2022-12-24T01:44:46Z" finished-at="2022-12-24T01:45:05Z">
      <class name="Phase3Tests.EndToEndDM03">
        <test-method status="PASS" signature="test()[pri:0, instance:Phase3Tests.EndToEndDM03@7bc1a03d]" name="test" duration-ms="19479" started-at="2022-12-24T01:44:46Z" finished-at="2022-12-24T01:45:05Z">
          <reporter-output>
          </reporter-output>
        </test-method> <!-- test -->
      </class> <!-- Phase3Tests.EndToEndDM03 -->
    </test> <!-- Test -->
  </suite> <!-- Suite -->
</testng-results>
