<?xml version="1.0" encoding="UTF-8"?>
<testng-results ignored="0" total="1" passed="1" failed="0" skipped="0">
  <reporter-output>
  </reporter-output>
  <suite started-at="2022-12-23T17:04:53 PST" name="Default suite" finished-at="2022-12-23T17:04:57 PST" duration-ms="3721">
    <groups>
    </groups>
    <test started-at="2022-12-23T17:04:53 PST" name="Default test" finished-at="2022-12-23T17:04:57 PST" duration-ms="3721">
      <class name="Phase3Tests.EndToEndDM03">
        <test-method signature="test()[pri:0, instance:Phase3Tests.EndToEndDM03@34f5090e]" started-at="2022-12-23T17:04:53 PST" name="test" finished-at="2022-12-23T17:04:57 PST" duration-ms="3683" status="PASS">
          <reporter-output>
          </reporter-output>
        </test-method> <!-- test -->
      </class> <!-- Phase3Tests.EndToEndDM03 -->
    </test> <!-- Default test -->
  </suite> <!-- Default suite -->
</testng-results>
